appium server started
URl: http://127.0.0.1:4723/
is server running: true
appium server started
URl: http://127.0.0.1:4723/
is server running: true
appium server started
URl: http://127.0.0.1:4723/
is server running: true
appium server started
URl: http://127.0.0.1:4723/
is server running: true
Application started successfully
appium server stopped
appium server started
URl: http://127.0.0.1:4723/
is server running: true
Application started successfully
appium server stopped
appium server started
URl: http://127.0.0.1:4723/
is server running: true
Application started successfully
appium server stopped
appium server started
URl: http://127.0.0.1:4723/
is server running: true
appium server started
URl: http://127.0.0.1:4723/
is server running: true
Application started successfully
appium server stopped
appium server started
URl: http://127.0.0.1:4723/
is server running: true
Application started successfully
appium server stopped
appium server started
URl: http://127.0.0.1:4723/
is server running: true
Application started successfully
appium server stopped
appium server started
URl: http://127.0.0.1:4723/
is server running: true
Application started successfully
appium server stopped
appium server started
URl: http://127.0.0.1:4723/
is server running: true
Application started successfully
appium server stopped
appium server started
URl: http://127.0.0.1:4723/
is server running: true
Application started successfully
Hii Pamela
appium server stopped
appium server started
URl: http://127.0.0.1:4723/
is server running: true
Application started successfully
Hii Pamela
Clicked on math module
Clicked on true button
Clicked on next button
appium server stopped
appium server started
URl: http://127.0.0.1:4723/
is server running: true
Application started successfully
Hii Pamela
Clicked on math module
Clicked on true button
Clicked on next button
appium server stopped
appium server started
URl: http://127.0.0.1:4723/
is server running: true
Application started successfully
Hii Pamela
Clicked on math module
Clicked on true button
Clicked on next button
Clicked on first option
Clicked on next button
appium server stopped
appium server started
URl: http://127.0.0.1:4723/
is server running: true
appium server started
URl: http://127.0.0.1:4723/
is server running: true
appium server started
URl: http://127.0.0.1:4723/
is server running: true
appium server started
URl: http://127.0.0.1:4723/
is server running: true
appium server started
URl: http://127.0.0.1:4723/
is server running: true
appium server started
URl: http://127.0.0.1:4723/
is server running: true
appium server started
URl: http://127.0.0.1:4723/
is server running: true
appium server started
URl: http://127.0.0.1:4723/
is server running: true
appium server started
URl: http://127.0.0.1:4723/
is server running: true
Application started successfully
appium server stopped
appium server started
URl: http://127.0.0.1:4723/
is server running: true
appium server started
URl: http://127.0.0.1:4723/
is server running: true
appium server started
URl: http://127.0.0.1:4723/
is server running: true
appium server started
URl: http://127.0.0.1:4723/
is server running: true
appium server started
URl: http://127.0.0.1:4723/
is server running: true
appium server started
URl: http://127.0.0.1:4723/
is server running: true
Application started successfully
appium server stopped
appium server started
URl: http://127.0.0.1:4723/
is server running: true
Application started successfully
appium server stopped
appium server started
URl: http://127.0.0.1:4723/
is server running: true
Application started successfully
appium server stopped
appium server started
URl: http://127.0.0.1:4723/
is server running: true
Application started successfully
appium server stopped
appium server started
URl: http://127.0.0.1:4723/
is server running: true
Application started successfully
appium server stopped
appium server started
URl: http://127.0.0.1:4723/
is server running: true
Application started successfully
appium server stopped
appium server started
URl: http://127.0.0.1:4723/
is server running: true
Application started successfully
appium server stopped
appium server started
URl: http://127.0.0.1:4723/
is server running: true
appium server started
URl: http://127.0.0.1:4723/
is server running: true
appium server started
URl: http://127.0.0.1:4723/
is server running: true
Application started successfully
appium server stopped
appium server started
URl: http://127.0.0.1:4723/
is server running: true
Application started successfully
appium server stopped
appium server started
URl: http://127.0.0.1:4723/
is server running: true
Application started successfully
appium server stopped
appium server started
URl: http://127.0.0.1:4723/
is server running: true
Application started successfully
appium server stopped
appium server started
URl: http://127.0.0.1:4723/
is server running: true
appium server started
URl: http://127.0.0.1:4723/
is server running: true
appium server started
URl: http://127.0.0.1:4723/
is server running: true
appium server started
URl: http://127.0.0.1:4723/
is server running: true
appium server started
URl: http://127.0.0.1:4723/
is server running: true
Application started successfully
Hii Pamela
Clicked on math module
Clicked on true button
Clicked on next button
Clicked on first option
Clicked on next button
appium server stopped
appium server started
URl: http://127.0.0.1:4723/
is server running: true
Application started successfully
Hii Pamela
Clicked on math module
Clicked on true button
Clicked on next button
Clicked on first option
Clicked on next button
appium server stopped
appium server started
URl: http://127.0.0.1:4723/
is server running: true
Application started successfully
appium server stopped
appium server started
URl: http://127.0.0.1:4723/
is server running: true
Application started successfully
Hii Pamela
Clicked on math module
Clicked on true button
Clicked on next button
Clicked on first option
Clicked on next button
appium server stopped
appium server started
URl: http://127.0.0.1:4723/
is server running: true
Application started successfully
Hii Pamela
Clicked on math module
Clicked on true button
Clicked on next button
Clicked on first option
Clicked on next button
appium server stopped
appium server started
URl: http://127.0.0.1:4723/
is server running: true
appium server started
URl: http://127.0.0.1:4723/
is server running: true
Application started successfully
Hii Pamela
Clicked on math module
Clicked on true button
Clicked on next button
Clicked on first option
Clicked on next button
appium server stopped
appium server started
URl: http://127.0.0.1:4723/
is server running: true
appium server started
URl: http://127.0.0.1:4723/
is server running: true
Application started successfully
Hii Pamela
Clicked on math module
Clicked on true button
Clicked on next button
Clicked on first option
Clicked on next button
appium server stopped
appium server started
URl: http://127.0.0.1:4723/
is server running: true
Application started successfully
Hii Pamela
Clicked on math module
Clicked on true button
Clicked on next button
Clicked on first option
appium server stopped
appium server started
URl: http://127.0.0.1:4723/
is server running: true
Application started successfully
Hii Pamela
Clicked on math module
Clicked on true button
Clicked on next button
Clicked on first option
Clicked on next button
appium server stopped
appium server started
URl: http://127.0.0.1:4723/
is server running: true
Application started successfully
appium server stopped
appium server started
URl: http://127.0.0.1:4723/
is server running: true
appium server started
URl: http://127.0.0.1:4723/
is server running: true
Application started successfully
appium server stopped
appium server started
URl: http://127.0.0.1:4723/
is server running: true
Application started successfully
appium server stopped
appium server started
URl: http://127.0.0.1:4723/
is server running: true
Application started successfully
appium server stopped
appium server started
URl: http://127.0.0.1:4723/
is server running: true
appium server started
URl: http://127.0.0.1:4723/
is server running: true
appium server started
URl: http://127.0.0.1:4723/
is server running: true
appium server started
URl: http://127.0.0.1:4723/
is server running: true
appium server started
URl: http://127.0.0.1:4723/
is server running: true
appium server started
URl: http://127.0.0.1:4723/
is server running: true
Application started successfully
Hii Pamela
Clicked on math module
Clicked on true button
Clicked on next button
Clicked on first option
Clicked on next button
appium server stopped
appium server started
URl: http://127.0.0.1:4723/
is server running: true
Application started successfully
appium server stopped
Command output: 
Emulator stopped successfully
appium server started
URl: http://127.0.0.1:4723/
is server running: true
Application started successfully
Hii Pamela
Clicked on math module
Clicked on true button
Clicked on next button
Clicked on first option
Clicked on next button
appium server stopped
Command output: 
Emulator stopped successfully
appium server started
URl: http://127.0.0.1:4723/
is server running: true
Application started successfully
Hii Pamela
Clicked on math module
Clicked on true button
Clicked on next button
Clicked on first option
Clicked on next button
appium server stopped
Command output: 
Emulator stopped successfully
appium server started
URl: http://127.0.0.1:4723/
is server running: true
Application started successfully
Hii Pamela
Clicked on math module
Clicked on true button
Clicked on next button
Clicked on first option
Clicked on next button
appium server stopped
Command output: 
Emulator stopped successfully
appium server started
URl: http://127.0.0.1:4723/
is server running: true
appium server started
URl: http://127.0.0.1:4723/
is server running: true
appium server started
URl: http://127.0.0.1:4723/
is server running: true
Application started successfully
Hii Pamela
Clicked on math module
Clicked on true button
Clicked on next button
Clicked on first option
Clicked on next button
appium server stopped
appium server started
URl: http://127.0.0.1:4723/
is server running: true
appium server started
URl: http://127.0.0.1:4723/
is server running: true
appium server started
URl: http://127.0.0.1:4723/
is server running: true
appium server started
URl: http://127.0.0.1:4723/
is server running: true
appium server started
URl: http://127.0.0.1:4723/
is server running: true
Application started successfully
appium server stopped
appium server started
URl: http://127.0.0.1:4723/
is server running: true
Application started successfully
appium server stopped
appium server started
URl: http://127.0.0.1:4723/
is server running: true
Application started successfully
appium server stopped
appium server started
URl: http://127.0.0.1:4723/
is server running: true
Application started successfully
appium server stopped
appium server started
URl: http://127.0.0.1:4723/
is server running: true
Application started successfully
appium server stopped
appium server started
URl: http://127.0.0.1:4723/
is server running: true
Application started successfully
appium server stopped
appium server started
URl: http://127.0.0.1:4723/
is server running: true
Application started successfully
appium server stopped
appium server started
URl: http://127.0.0.1:4723/
is server running: true
Application started successfully
appium server stopped
appium server started
URl: http://127.0.0.1:4723/
is server running: true
Application started successfully
appium server started
URl: http://127.0.0.1:4723/
is server running: true
appium server stopped
appium server started
URl: http://127.0.0.1:4723/
is server running: true
Application started successfully
appium server stopped
Application started successfully
appium server stopped
appium server started
URl: http://127.0.0.1:4723/
is server running: true
Application started successfully
appium server stopped
appium server started
URl: http://127.0.0.1:4723/
is server running: true
Application started successfully
appium server started
URl: http://127.0.0.1:4723/
is server running: true
appium server stopped
appium server started
URl: http://127.0.0.1:4723/
is server running: false
appium server started
URl: http://127.0.0.1:4723/
is server running: true
appium server started
URl: http://127.0.0.1:4723/
is server running: true
appium server started
URl: http://127.0.0.1:4723/
is server running: true
appium server started
URl: http://127.0.0.1:4723/
is server running: true
appium server started
URl: http://127.0.0.1:4723/
is server running: true
Application started successfully
appium server stopped
appium server started
URl: http://127.0.0.1:4723/
is server running: true
appium server started
URl: http://127.0.0.1:4723/
is server running: true
appium server started
URl: http://127.0.0.1:4723/
is server running: true
appium server started
URl: http://127.0.0.1:4723/
is server running: true
appium server started
URl: http://127.0.0.1:4723/
is server running: true
appium server started
URl: http://127.0.0.1:4723/
is server running: true
appium server started
URl: http://127.0.0.1:4723/
is server running: true
appium server started
URl: http://127.0.0.1:4723/
is server running: true
Application started successfully
appium server stopped
appium server started
URl: http://127.0.0.1:4723/
is server running: true
Application started successfully
appium server stopped
appium server started
URl: http://127.0.0.1:4723/
is server running: true
Application started successfully
appium server stopped
appium server started
URl: http://127.0.0.1:4723/
is server running: true
Application started successfully
appium server stopped
appium server started
URl: http://127.0.0.1:4723/
is server running: true
Application started successfully
appium server stopped
appium server started
URl: http://127.0.0.1:4723/
is server running: true
Application started successfully
appium server stopped
appium server started
URl: http://127.0.0.1:4723/
is server running: true
Application started successfully
appium server stopped
appium server started
URl: http://127.0.0.1:4723/
is server running: true
Application started successfully
appium server stopped
appium server started
URl: http://127.0.0.1:4723/
is server running: true
Application started successfully
appium server stopped
appium server started
URl: http://127.0.0.1:4723/
is server running: true
Application started successfully
appium server stopped
appium server started
URl: http://127.0.0.1:4723/
is server running: true
Application started successfully
appium server stopped
appium server started
URl: http://127.0.0.1:4723/
is server running: true
Application started successfully
appium server stopped
appium server started
URl: http://127.0.0.1:4723/
is server running: true
Application started successfully
appium server stopped
appium server started
URl: http://127.0.0.1:4723/
is server running: true
Application started successfully
appium server stopped
appium server started
URl: http://127.0.0.1:4723/
is server running: true
Application started successfully
appium server stopped
appium server started
URl: http://127.0.0.1:4723/
is server running: true
Application started successfully
appium server stopped
appium server started
URl: http://127.0.0.1:4723/
is server running: true
Application started successfully
appium server stopped
appium server started
URl: http://127.0.0.1:4723/
is server running: true
Application started successfully
appium server stopped
appium server started
URl: http://127.0.0.1:4723/
is server running: true
Application started successfully
appium server stopped
appium server started
URl: http://127.0.0.1:4723/
is server running: true
Application started successfully
appium server stopped
appium server started
URl: http://127.0.0.1:4723/
is server running: true
Application started successfully
appium server stopped
appium server started
URl: http://127.0.0.1:4723/
is server running: true
Application started successfully
appium server stopped
appium server started
URl: http://127.0.0.1:4723/
is server running: true
Application started successfully
appium server stopped
appium server started
URl: http://127.0.0.1:4723/
is server running: true
Application started successfully
appium server stopped
appium server started
URl: http://127.0.0.1:4723/
is server running: true
Application started successfully
appium server stopped
appium server started
URl: http://127.0.0.1:4723/
is server running: true
Application started successfully
appium server stopped
appium server started
URl: http://127.0.0.1:4723/
is server running: true
Application started successfully
appium server stopped
appium server started
URl: http://127.0.0.1:4723/
is server running: true
Application started successfully
appium server stopped
appium server started
URl: http://127.0.0.1:4723/
is server running: true
Application started successfully
appium server stopped
appium server started
URl: http://127.0.0.1:4723/
is server running: true
Application started successfully
appium server stopped
appium server started
URl: http://127.0.0.1:4723/
is server running: true
Application started successfully
appium server stopped
appium server started
URl: http://127.0.0.1:4723/
is server running: true
Application started successfully
appium server stopped
appium server started
URl: http://127.0.0.1:4723/
is server running: true
Application started successfully
appium server stopped
appium server started
URl: http://127.0.0.1:4723/
is server running: true
Application started successfully
appium server stopped
appium server started
URl: http://127.0.0.1:4723/
is server running: true
Application started successfully
appium server stopped
appium server started
URl: http://127.0.0.1:4723/
is server running: true
Application started successfully
appium server stopped
appium server started
URl: http://127.0.0.1:4723/
is server running: true
Application started successfully
appium server stopped
appium server started
URl: http://127.0.0.1:4723/
is server running: true
Application started successfully
appium server stopped
appium server started
URl: http://127.0.0.1:4723/
is server running: true
Application started successfully
appium server stopped
appium server started
URl: http://127.0.0.1:4723/
is server running: true
Application started successfully
appium server stopped
appium server started
URl: http://127.0.0.1:4723/
is server running: true
Application started successfully
appium server stopped
appium server started
URl: http://127.0.0.1:4723/
is server running: true
Application started successfully
appium server stopped
appium server started
URl: http://127.0.0.1:4723/
is server running: true
Application started successfully
appium server stopped
appium server started
URl: http://127.0.0.1:4723/
is server running: true
Application started successfully
appium server stopped
appium server started
URl: http://127.0.0.1:4723/
is server running: true
appium server started
URl: http://127.0.0.1:4723/
is server running: true
appium server started
URl: http://127.0.0.1:4723/
is server running: true
appium server started
URl: http://127.0.0.1:4723/
is server running: true
Application started successfully
appium server stopped
appium server started
URl: http://127.0.0.1:4723/
is server running: true
Application started successfully
appium server stopped
appium server started
URl: http://127.0.0.1:4723/
is server running: true
Application started successfully
appium server stopped
appium server started
URl: http://127.0.0.1:4723/
is server running: true
Application started successfully
appium server stopped
appium server started
URl: http://127.0.0.1:4723/
is server running: true
Application started successfully
appium server stopped
appium server started
URl: http://127.0.0.1:4723/
is server running: true
Application started successfully
appium server stopped
appium server started
URl: http://127.0.0.1:4723/
is server running: true
Application started successfully
appium server stopped
appium server started
URl: http://127.0.0.1:4723/
is server running: true
Application started successfully
appium server stopped
appium server started
URl: http://127.0.0.1:4723/
is server running: true
Application started successfully
appium server stopped
appium server started
URl: http://127.0.0.1:4723/
is server running: true
Application started successfully
appium server stopped
appium server started
URl: http://127.0.0.1:4723/
is server running: true
Application started successfully
appium server stopped
appium server started
URl: http://127.0.0.1:4723/
is server running: true
Application started successfully
appium server started
URl: http://127.0.0.1:4723/
is server running: true
Application started successfully
appium server stopped
appium server started
URl: http://127.0.0.1:4723/
is server running: true
Application started successfully
appium server stopped
appium server started
URl: http://127.0.0.1:4723/
is server running: true
Application started successfully
appium server stopped
appium server started
URl: http://127.0.0.1:4723/
is server running: true
Application started successfully
appium server started
URl: http://127.0.0.1:4723/
is server running: true
Application started successfully
appium server stopped
appium server started
URl: http://127.0.0.1:4723/
is server running: true
Application started successfully
Hii Pamela username found
clicked on math section quiz
clicked on first question option
clicked on next button
clicked on second question option
clicked on next button
0 checked solved correct answers
2 checked solved questions
Element not found. Retrying...
Element not found. Retrying...
Element not found. Retrying...
clicked on go to home button
appium server stopped
appium server started
URl: http://127.0.0.1:4723/
is server running: true
Application started successfully
Hii Pamela username found
clicked on math section quiz
clicked on first question option
clicked on next button
clicked on second question option
clicked on next button
1 checked solved correct answers
2 checked solved questions
D
Grade
appium server stopped
appium server started
URl: http://127.0.0.1:4723/
is server running: true
Application started successfully
Hii Pamela username found
clicked on math section quiz
clicked on first question option
clicked on next button
clicked on second question option
clicked on next button
2 checked solved correct answers
2 checked solved questions
A
Grade
clicked on go to home button
appium server stopped
appium server started
URl: http://127.0.0.1:4723/
is server running: true
appium server started
URl: http://127.0.0.1:4723/
is server running: true
appium server started
URl: http://127.0.0.1:4723/
is server running: true
Application started successfully
Hii Pamela username found
clicked on math section quiz
clicked on first question option
clicked on next button
clicked on second question option
clicked on next button
D
Grade
0%
0 checked solved correct answers
2 checked solved questions
clicked on go to home button
clicked on science section quiz
clicked on first question option
clicked on next button
clicked on second question option
clicked on next button
clicked on third question option
clicked on next button
D
Grade
25%
appium server stopped
appium server started
URl: http://127.0.0.1:4723/
is server running: true
Application started successfully
Hii Pamela username found
clicked on math section quiz
clicked on first question option
clicked on next button
clicked on second question option
clicked on next button
D
Grade

appium server stopped
appium server started
URl: http://127.0.0.1:4723/
is server running: true
Application started successfully
Hii Pamela username found
clicked on math section quiz
clicked on first question option
clicked on next button
clicked on second question option
clicked on next button
D
Grade

appium server stopped
appium server started
URl: http://127.0.0.1:4723/
is server running: true
Application started successfully
Hii Pamela username found
clicked on math section quiz
clicked on first question option
clicked on next button
clicked on second question option
clicked on next button
D
Grade
25%
1 checked solved correct answers
2 checked solved questions
clicked on go to home button
clicked on science section quiz
clicked on first question option
clicked on next button
clicked on second question option
clicked on next button
clicked on third question option
clicked on next button
D
Grade
0%
0 checked solved correct answers
3 checked solved questions
clicked on go to home button
appium server stopped
